<?xml version="1.0" encoding="UTF-8"?>
<!-- Generated by org.testng.reporters.JUnitReportReporter -->
<testsuite hostname="SHREENIBAS" failures="0" tests="2" name="practice.testng.B1_ConfigAnnotation_BC_AC_Test" time="0.027" errors="0" timestamp="2025-02-26T12:48:28 IST" skipped="0">
  <testcase classname="practice.testng.B1_ConfigAnnotation_BC_AC_Test" name="createContactWithMobileNumber" time="0.011"/>
  <testcase classname="practice.testng.B1_ConfigAnnotation_BC_AC_Test" name="createContact" time="0.016"/>
</testsuite> <!-- practice.testng.B1_ConfigAnnotation_BC_AC_Test -->
