<?xml version="1.0" encoding="UTF-8"?>
<!-- Generated by org.testng.reporters.JUnitReportReporter -->
<testsuite hostname="SHREENIBAS" failures="0" tests="3" name="practice.testng.A5_DependsOn_CreateOrderTest" time="0.058" errors="0" timestamp="2025-02-25T11:46:34 IST" skipped="0">
  <testcase classname="practice.testng.A5_DependsOn_CreateOrderTest" name="modifyContactTest" time="0.016"/>
  <testcase classname="practice.testng.A5_DependsOn_CreateOrderTest" name="createContactTest" time="0.030"/>
  <testcase classname="practice.testng.A5_DependsOn_CreateOrderTest" name="deleteContactTest" time="0.012"/>
</testsuite> <!-- practice.testng.A5_DependsOn_CreateOrderTest -->
