<?xml version="1.0" encoding="UTF-8"?>
<!-- Generated by org.testng.reporters.JUnitReportReporter -->
<testsuite hostname="SHREENIBAS" failures="0" tests="1" name="practice.testng.CreateContactTest" time="0.088" errors="0" timestamp="2025-02-24T16:04:55 IST" skipped="0">
  <testcase classname="practice.testng.CreateContactTest" name="createContactTest" time="0.088"/>
</testsuite> <!-- practice.testng.CreateContactTest -->
