<?xml version="1.0" encoding="UTF-8"?>
<!-- Generated by org.testng.reporters.JUnitReportReporter -->
<testsuite hostname="SHREENIBAS" failures="0" tests="2" name="testNG.assert_verificationTest.HomePageVerificationTest" time="29.895" errors="0" timestamp="2025-02-28T11:07:51 IST" skipped="0">
  <testcase classname="testNG.assert_verificationTest.HomePageVerificationTest" name="homepageTest" time="14.458"/>
  <testcase classname="testNG.assert_verificationTest.HomePageVerificationTest" name="verifyLogoHomePageTest" time="15.437"/>
</testsuite> <!-- testNG.assert_verificationTest.HomePageVerificationTest -->
