<?xml version="1.0" encoding="UTF-8"?>
<!-- Generated by org.testng.reporters.JUnitReportReporter -->
<testsuite hostname="SHREENIBAS" failures="0" tests="1" name="testNG.Execution.pack3.C1Test" time="0.065" errors="0" timestamp="2025-02-27T18:32:03 IST" skipped="0">
  <testcase classname="testNG.Execution.pack3.C1Test" name="c1Test" time="0.065"/>
</testsuite> <!-- testNG.Execution.pack3.C1Test -->
