<?xml version="1.0" encoding="UTF-8"?>
<!-- Generated by org.testng.reporters.JUnitReportReporter -->
<testsuite hostname="SHREENIBAS" failures="0" tests="1" name="pomRrepository.AutohealingInPOM" time="11.987" errors="0" timestamp="2025-02-20T16:40:10 IST" skipped="0">
  <testcase classname="pomRrepository.AutohealingInPOM" name="sampleTest" time="11.987"/>
</testsuite> <!-- pomRrepository.AutohealingInPOM -->
