<?xml version="1.0" encoding="UTF-8"?>
<!-- Generated by org.testng.reporters.JUnitReportReporter -->
<testsuite hostname="SHREENIBAS" failures="0" tests="2" name="testNG.test.B4_CreateContactTest" time="0.086" errors="0" timestamp="2025-02-26T15:10:56 IST" skipped="0">
  <testcase classname="testNG.test.B4_CreateContactTest" name="createOrgTest" time="0.052"/>
  <testcase classname="testNG.test.B4_CreateContactTest" name="createOrgWithIndustriesTest" time="0.034"/>
</testsuite> <!-- testNG.test.B4_CreateContactTest -->
