<?xml version="1.0" encoding="UTF-8"?>
<!-- Generated by org.testng.reporters.JUnitReportReporter -->
<testsuite hostname="SHREENIBAS" failures="0" tests="1" name="testNG.Execution.pack2.B1Test" time="0.032" errors="0" timestamp="2025-02-27T18:32:03 IST" skipped="0">
  <testcase classname="testNG.Execution.pack2.B1Test" name="b1Test" time="0.032"/>
</testsuite> <!-- testNG.Execution.pack2.B1Test -->
