<?xml version="1.0" encoding="UTF-8"?>
<!-- Generated by org.testng.reporters.JUnitReportReporter -->
<testsuite hostname="SHREENIBAS" failures="0" tests="1" name="testNG.reporting.SampleExtentReportTest" time="0.026" errors="0" timestamp="2025-03-04T17:32:25 IST" skipped="0">
  <testcase classname="testNG.reporting.SampleExtentReportTest" name="createContactTest" time="0.026"/>
  <system-out/>
</testsuite> <!-- testNG.reporting.SampleExtentReportTest -->
