<?xml version="1.0" encoding="UTF-8"?>
<!-- Generated by org.testng.reporters.JUnitReportReporter -->
<testsuite hostname="SHREENIBAS" failures="0" tests="1" name="testNG.reporting.A3_SampleExtentReportWithAnnotationFTest" time="19.307" errors="0" timestamp="2025-03-04T18:28:57 IST" skipped="0">
  <testcase classname="testNG.reporting.A3_SampleExtentReportWithAnnotationFTest" name="createContactTest" time="19.307"/>
  <system-out/>
</testsuite> <!-- testNG.reporting.A3_SampleExtentReportWithAnnotationFTest -->
