<?xml version="1.0" encoding="UTF-8"?>
<!-- Generated by org.testng.reporters.JUnitReportReporter -->
<testsuite hostname="SHREENIBAS" failures="0" tests="2" name="testNG.test.B3_CreateOrgTest" time="0.092" errors="0" timestamp="2025-02-26T15:10:56 IST" skipped="0">
  <testcase classname="testNG.test.B3_CreateOrgTest" name="createOrgTest" time="0.021"/>
  <testcase classname="testNG.test.B3_CreateOrgTest" name="createOrgWithIndustriesTest" time="0.071"/>
</testsuite> <!-- testNG.test.B3_CreateOrgTest -->
