<?xml version="1.0" encoding="UTF-8"?>
<!-- Generated by org.testng.reporters.JUnitReportReporter -->
<testsuite hostname="SHREENIBAS" failures="0" tests="2" name="testNG.reporting.ReportingSampleTest" time="0.023" errors="0" timestamp="2025-03-04T10:51:19 IST" skipped="0">
  <testcase classname="testNG.reporting.ReportingSampleTest" name="reporting1Test" time="0.020">
    <system-out>
      <![CDATA[reporting1Test ===============Test Start================
step-1
step-2
step-3
step-4
step-5
reporting1Test ===============Test End================]]>
    </system-out>
  </testcase> <!-- reporting1Test -->
  <testcase classname="testNG.reporting.ReportingSampleTest" name="reporting2Test" time="0.003">
    <system-out>
      <![CDATA[reporting2Test ===============Test Start================
step-1
step-2
step-3
step-4
step-5
reporting2Test ===============Test End================]]>
    </system-out>
  </testcase> <!-- reporting2Test -->
  <system-out>
    <![CDATA[reporting1Test ===============Test Start================
step-1
step-2
step-3
step-4
step-5
reporting1Test ===============Test End================
reporting2Test ===============Test Start================
step-1
step-2
step-3
step-4
step-5
reporting2Test ===============Test End================]]>
  </system-out>
</testsuite> <!-- testNG.reporting.ReportingSampleTest -->
