<?xml version="1.0" encoding="UTF-8"?>
<!-- Generated by org.testng.reporters.JUnitReportReporter -->
<testsuite hostname="SHREENIBAS" failures="0" tests="1" name="testNG.Execution.pack3.C4Test" time="0.007" errors="0" timestamp="2025-02-27T17:15:04 IST" skipped="0">
  <testcase classname="testNG.Execution.pack3.C4Test" name="c4Test" time="0.007"/>
</testsuite> <!-- testNG.Execution.pack3.C4Test -->
