<?xml version="1.0" encoding="UTF-8"?>
<!-- Generated by org.testng.reporters.JUnitReportReporter -->
<testsuite hostname="SHREENIBAS" failures="0" tests="1" name="DDTwithMySQLDB.SampleUnitTestCheckProjectInBackEnd" time="1.155" errors="0" timestamp="2025-02-14T18:17:45 IST" skipped="0">
  <testcase classname="DDTwithMySQLDB.SampleUnitTestCheckProjectInBackEnd" name="projectCheckTest" time="1.155"/>
</testsuite> <!-- DDTwithMySQLDB.SampleUnitTestCheckProjectInBackEnd -->
