<?xml version="1.0" encoding="UTF-8"?>
<!-- Generated by org.testng.reporters.JUnitReportReporter -->
<testsuite hostname="SHREENIBAS" failures="0" tests="1" name="testNG.reporting.SampleExtentReportForMutipleTestCaseTest" time="1.246" errors="0" timestamp="2025-03-04T17:29:44 IST" skipped="0">
  <testcase classname="testNG.reporting.SampleExtentReportForMutipleTestCaseTest" name="createContactTest" time="1.246"/>
  <system-out/>
</testsuite> <!-- testNG.reporting.SampleExtentReportForMutipleTestCaseTest -->
