<?xml version="1.0" encoding="UTF-8"?>
<!-- Generated by org.testng.reporters.JUnitReportReporter -->
<testsuite hostname="SHREENIBAS" failures="0" tests="1" name="practice.testng.SampleTest" time="0.037" errors="0" timestamp="2025-02-24T15:01:14 IST" skipped="0">
  <testcase classname="practice.testng.SampleTest" name="Teat1" time="0.037"/>
</testsuite> <!-- practice.testng.SampleTest -->
