<?xml version="1.0" encoding="UTF-8"?>
<!-- Generated by org.testng.reporters.JUnitReportReporter -->
<testsuite hostname="SHREENIBAS" failures="0" tests="12" name="practice.testng.A6_InvocationCount_OrderTest" time="0.148" errors="0" timestamp="2025-02-25T11:59:13 IST" skipped="1">
  <testcase classname="practice.testng.A6_InvocationCount_OrderTest" name="createContactTest" time="0.007"/>
  <testcase classname="practice.testng.A6_InvocationCount_OrderTest" name="createContactTest" time="0.006"/>
  <testcase classname="practice.testng.A6_InvocationCount_OrderTest" name="createContactTest" time="0.009"/>
  <testcase classname="practice.testng.A6_InvocationCount_OrderTest" name="createContactTest" time="0.006"/>
  <testcase classname="practice.testng.A6_InvocationCount_OrderTest" name="createContactTest" time="0.021"/>
  <testcase classname="practice.testng.A6_InvocationCount_OrderTest" name="modifyContactTest" time="0.011"/>
  <testcase classname="practice.testng.A6_InvocationCount_OrderTest" name="createContactTest" time="0.030"/>
  <testcase classname="practice.testng.A6_InvocationCount_OrderTest" name="createContactTest" time="0.033"/>
  <testcase classname="practice.testng.A6_InvocationCount_OrderTest" name="createContactTest" time="0.004"/>
  <testcase classname="practice.testng.A6_InvocationCount_OrderTest" name="createContactTest" time="0.015"/>
  <testcase classname="practice.testng.A6_InvocationCount_OrderTest" name="createContactTest" time="0.006"/>
  <testcase classname="practice.testng.A6_InvocationCount_OrderTest" name="deleteContactTest">
    <skipped/>
  </testcase> <!-- deleteContactTest -->
</testsuite> <!-- practice.testng.A6_InvocationCount_OrderTest -->
