<?xml version="1.0" encoding="UTF-8"?>
<!-- Generated by org.testng.reporters.JUnitReportReporter -->
<testsuite hostname="SHREENIBAS" failures="0" tests="1" name="DDTfromCMD_LINE.ReadRuntimeMavenParameterTest" time="0.029" errors="0" timestamp="2025-02-13T15:39:43 IST" skipped="0">
  <testcase classname="DDTfromCMD_LINE.ReadRuntimeMavenParameterTest" name="runtimeParameterTest" time="0.029"/>
</testsuite> <!-- DDTfromCMD_LINE.ReadRuntimeMavenParameterTest -->
