<?xml version="1.0" encoding="UTF-8"?>
<!-- Generated by org.testng.reporters.JUnitReportReporter -->
<testsuite hostname="SHREENIBAS" failures="0" tests="1" name="testNG.Execution.pack4.D1Test" time="0.019" errors="0" timestamp="2025-02-27T18:32:03 IST" skipped="0">
  <testcase classname="testNG.Execution.pack4.D1Test" name="d1Test" time="0.019"/>
</testsuite> <!-- testNG.Execution.pack4.D1Test -->
