<?xml version="1.0" encoding="UTF-8"?>
<!-- Generated by org.testng.reporters.JUnitReportReporter -->
<testsuite hostname="SHREENIBAS" failures="0" tests="2" name="testNG.reporting.ReporterLogTest" time="0.041" errors="0" timestamp="2025-03-04T14:49:15 IST" skipped="0">
  <testcase classname="testNG.reporting.ReporterLogTest" name="reporting1Test" time="0.037">
    <system-out>
      <![CDATA[reporting1Test ===============Test Start================
step-1
step-2
step-3
step-4
step-5
reporting1Test ===============Test End================]]>
    </system-out>
  </testcase> <!-- reporting1Test -->
  <testcase classname="testNG.reporting.ReporterLogTest" name="reporting2Test" time="0.004">
    <system-out>
      <![CDATA[reporting2Test ===============Test Start================
step-1
step-2
step-3
step-4
step-5
reporting2Test ===============Test End================]]>
    </system-out>
  </testcase> <!-- reporting2Test -->
  <system-out>
    <![CDATA[reporting1Test ===============Test Start================
step-1
step-2
step-3
step-4
step-5
reporting1Test ===============Test End================
reporting2Test ===============Test Start================
step-1
step-2
step-3
step-4
step-5
reporting2Test ===============Test End================]]>
  </system-out>
</testsuite> <!-- testNG.reporting.ReporterLogTest -->
