<?xml version="1.0" encoding="UTF-8"?>
<!-- Generated by org.testng.reporters.JUnitReportReporter -->
<testsuite hostname="SHREENIBAS" failures="0" tests="2" name="practice.testng.B2_ConfigAnnotation_BS_AS_Test" time="0.020" errors="0" timestamp="2025-02-26T12:54:23 IST" skipped="0">
  <testcase classname="practice.testng.B2_ConfigAnnotation_BS_AS_Test" name="createContact" time="0.013"/>
  <testcase classname="practice.testng.B2_ConfigAnnotation_BS_AS_Test" name="createContactWithMobileNumber" time="0.007"/>
</testsuite> <!-- practice.testng.B2_ConfigAnnotation_BS_AS_Test -->
