<?xml version="1.0" encoding="UTF-8"?>
<!-- Generated by org.testng.reporters.JUnitReportReporter -->
<testsuite hostname="SHREENIBAS" failures="0" tests="1" name="testNG.Execution.pack4.D2Test" time="0.010" errors="0" timestamp="2025-02-27T17:21:57 IST" skipped="0">
  <testcase classname="testNG.Execution.pack4.D2Test" name="d2Test" time="0.010"/>
</testsuite> <!-- testNG.Execution.pack4.D2Test -->
