<?xml version="1.0" encoding="UTF-8"?>
<!-- Generated by org.testng.reporters.JUnitReportReporter -->
<testsuite hostname="SHREENIBAS" failures="0" tests="1" name="testNG.reporting.SampleReportTest" time="2.021" errors="0" timestamp="2025-03-04T15:31:06 IST" skipped="0">
  <testcase classname="testNG.reporting.SampleReportTest" name="createContactTest" time="2.021"/>
  <system-out/>
</testsuite> <!-- testNG.reporting.SampleReportTest -->
