<?xml version="1.0" encoding="UTF-8"?>
<!-- Generated by org.testng.reporters.JUnitReportReporter -->
<testsuite hostname="SHREENIBAS" failures="0" tests="2" name="practice.testng.A9_ConfigAnnotation_BM_AM_Test" time="0.047" errors="0" timestamp="2025-02-26T12:36:59 IST" skipped="0">
  <testcase classname="practice.testng.A9_ConfigAnnotation_BM_AM_Test" name="createContactWithMobileNumber" time="0.030"/>
  <testcase classname="practice.testng.A9_ConfigAnnotation_BM_AM_Test" name="createContact" time="0.017"/>
</testsuite> <!-- practice.testng.A9_ConfigAnnotation_BM_AM_Test -->
