<?xml version="1.0" encoding="UTF-8"?>
<!-- Generated by org.testng.reporters.JUnitReportReporter -->
<testsuite hostname="SHREENIBAS" failures="0" tests="1" name="testNG.Execution.pack5.E1Test" time="0.020" errors="0" timestamp="2025-02-27T18:32:03 IST" skipped="0">
  <testcase classname="testNG.Execution.pack5.E1Test" name="e1Test" time="0.020"/>
</testsuite> <!-- testNG.Execution.pack5.E1Test -->
