<?xml version="1.0" encoding="UTF-8"?>
<!-- Generated by org.testng.reporters.JUnitReportReporter -->
<testsuite hostname="SHREENIBAS" failures="0" tests="3" name="practice.testng.A4_Proirity_ContactTest" time="0.047" errors="0" timestamp="2025-02-24T17:31:10 IST" skipped="0">
  <testcase classname="practice.testng.A4_Proirity_ContactTest" name="createContactTest" time="0.032"/>
  <testcase classname="practice.testng.A4_Proirity_ContactTest" name="modifyContactTest" time="0.010"/>
  <testcase classname="practice.testng.A4_Proirity_ContactTest" name="deleteContactTest" time="0.005"/>
</testsuite> <!-- practice.testng.A4_Proirity_ContactTest -->
