<?xml version="1.0" encoding="UTF-8"?>
<!-- Generated by org.testng.reporters.JUnitReportReporter -->
<testsuite hostname="SHREENIBAS" failures="0" tests="3" name="practice.testng.A8_DataProvider_CreateContactaTest2" time="0.090" errors="0" timestamp="2025-02-25T13:29:20 IST" skipped="0">
  <testcase classname="practice.testng.A8_DataProvider_CreateContactaTest2" name="createContactTest" time="0.033"/>
  <testcase classname="practice.testng.A8_DataProvider_CreateContactaTest2" name="createContactTest" time="0.041"/>
  <testcase classname="practice.testng.A8_DataProvider_CreateContactaTest2" name="createContactTest" time="0.016"/>
</testsuite> <!-- practice.testng.A8_DataProvider_CreateContactaTest2 -->
