<?xml version="1.0" encoding="UTF-8"?>
<!-- Generated by org.testng.reporters.JUnitReportReporter -->
<testsuite hostname="SHREENIBAS" failures="0" tests="2" name="practice.testng.MultipleTestNGmethodClassTest" time="0.035" errors="0" timestamp="2025-02-24T15:30:41 IST" skipped="0">
  <testcase classname="practice.testng.MultipleTestNGmethodClassTest" name="createContactWithEmailTest" time="0.026"/>
  <testcase classname="practice.testng.MultipleTestNGmethodClassTest" name="createContactWithMobileNumberTest" time="0.009"/>
</testsuite> <!-- practice.testng.MultipleTestNGmethodClassTest -->
