<?xml version="1.0" encoding="UTF-8"?>
<!-- Generated by org.testng.reporters.JUnitReportReporter -->
<testsuite hostname="SHREENIBAS" failures="0" tests="1" name="testNG.assert_verificationTest.A1_HomePageVerificationWithIfElseBlockTest" time="25.923" errors="0" timestamp="2025-03-01T13:40:22 IST" skipped="0">
  <testcase classname="testNG.assert_verificationTest.A1_HomePageVerificationWithIfElseBlockTest" name="homepageTest" time="25.923"/>
</testsuite> <!-- testNG.assert_verificationTest.A1_HomePageVerificationWithIfElseBlockTest -->
