<?xml version="1.0" encoding="UTF-8"?>
<!-- Generated by org.testng.reporters.JUnitReportReporter -->
<testsuite hostname="SHREENIBAS" failures="0" tests="3" name="testNG.test.A7_DataProvider_CreateContactaTest" time="0.047" errors="0" timestamp="2025-03-06T12:24:45 IST" skipped="0">
  <testcase classname="testNG.test.A7_DataProvider_CreateContactaTest" name="createContactTest" time="0.024"/>
  <system-out/>
  <testcase classname="testNG.test.A7_DataProvider_CreateContactaTest" name="createContactTest" time="0.012"/>
  <system-out/>
  <testcase classname="testNG.test.A7_DataProvider_CreateContactaTest" name="createContactTest" time="0.011"/>
  <system-out/>
</testsuite> <!-- testNG.test.A7_DataProvider_CreateContactaTest -->
