<?xml version="1.0" encoding="UTF-8"?>
<!-- Generated by org.testng.reporters.JUnitReportReporter -->
<testsuite hostname="SHREENIBAS" failures="0" tests="3" name="testNG.reporting.A3_SampleExtentReportUsingSuiteAnnotationTest" time="0.039" errors="0" timestamp="2025-03-04T17:52:56 IST" skipped="0">
  <testcase classname="testNG.reporting.A3_SampleExtentReportUsingSuiteAnnotationTest" name="createOrgTest" time="0.009"/>
  <system-out/>
  <testcase classname="testNG.reporting.A3_SampleExtentReportUsingSuiteAnnotationTest" name="createLinktTest" time="0.004"/>
  <system-out/>
  <testcase classname="testNG.reporting.A3_SampleExtentReportUsingSuiteAnnotationTest" name="createContactTest" time="0.026"/>
  <system-out/>
</testsuite> <!-- testNG.reporting.A3_SampleExtentReportUsingSuiteAnnotationTest -->
