<?xml version="1.0" encoding="UTF-8"?>
<!-- Generated by org.testng.reporters.JUnitReportReporter -->
<testsuite hostname="SHREENIBAS" failures="0" tests="3" name="practice.testng.A7_DataProvider_CreateContactaTest" time="0.043" errors="0" timestamp="2025-02-25T13:23:47 IST" skipped="0">
  <testcase classname="practice.testng.A7_DataProvider_CreateContactaTest" name="createContactTest" time="0.032"/>
  <testcase classname="practice.testng.A7_DataProvider_CreateContactaTest" name="createContactTest" time="0.005"/>
  <testcase classname="practice.testng.A7_DataProvider_CreateContactaTest" name="createContactTest" time="0.006"/>
</testsuite> <!-- practice.testng.A7_DataProvider_CreateContactaTest -->
