<?xml version="1.0" encoding="UTF-8"?>
<!-- Generated by org.testng.reporters.JUnitReportReporter -->
<testsuite hostname="SHREENIBAS" failures="0" tests="3" name="testNG.Execution.pack1.A1Test" time="0.103" errors="0" timestamp="2025-02-27T18:32:03 IST" skipped="0">
  <testcase classname="testNG.Execution.pack1.A1Test" name="a1Test_3_Test" time="0.016"/>
  <testcase classname="testNG.Execution.pack1.A1Test" name="a1Test_2_Test" time="0.076"/>
  <testcase classname="testNG.Execution.pack1.A1Test" name="a1Test_1_SmokeTest" time="0.011"/>
</testsuite> <!-- testNG.Execution.pack1.A1Test -->
