<?xml version="1.0" encoding="UTF-8"?>
<!-- Generated by org.testng.reporters.JUnitReportReporter -->
<testsuite hostname="SHREENIBAS" failures="0" tests="1" name="pomRrepository.sampleTestWithPOM" time="321.797" errors="0" timestamp="2025-02-24T09:44:28 IST" skipped="0">
  <testcase classname="pomRrepository.sampleTestWithPOM" name="sampleTest" time="321.797"/>
</testsuite> <!-- pomRrepository.sampleTestWithPOM -->
