<?xml version="1.0" encoding="UTF-8"?>
<!-- Generated by org.testng.reporters.JUnitReportReporter -->
<testsuite hostname="SHREENIBAS" failures="0" tests="1" name="testNG.Execution.pack5.E4Test" time="0.008" errors="0" timestamp="2025-02-27T17:15:04 IST" skipped="0">
  <testcase classname="testNG.Execution.pack5.E4Test" name="e4Test" time="0.008"/>
</testsuite> <!-- testNG.Execution.pack5.E4Test -->
