<?xml version="1.0" encoding="UTF-8"?>
<!-- Generated by org.testng.reporters.JUnitReportReporter -->
<testsuite hostname="SHREENIBAS" failures="0" tests="1" name="DDTwithTestNGxmlFile.ReadDataFromTextNGXmlTest" time="0.033" errors="0" timestamp="2025-03-06T21:33:49 IST" skipped="0">
  <testcase classname="DDTwithTestNGxmlFile.ReadDataFromTextNGXmlTest" name="sampleTest" time="0.033"/>
  <system-out/>
</testsuite> <!-- DDTwithTestNGxmlFile.ReadDataFromTextNGXmlTest -->
