<?xml version="1.0" encoding="UTF-8"?>
<!-- Generated by org.testng.reporters.JUnitReportReporter -->
<testsuite hostname="SHREENIBAS" failures="0" tests="1" name="testNG.reporting.A5_AttachScreenshotInExtentReportTest" time="6.443" errors="0" timestamp="2025-03-04T18:48:42 IST" skipped="0">
  <testcase classname="testNG.reporting.A5_AttachScreenshotInExtentReportTest" name="createContactTest" time="6.443"/>
  <system-out/>
</testsuite> <!-- testNG.reporting.A5_AttachScreenshotInExtentReportTest -->
