<?xml version="1.0" encoding="UTF-8"?>
<!-- Generated by org.testng.reporters.JUnitReportReporter -->
<testsuite hostname="SHREENIBAS" failures="0" tests="1" name="DDTwithMySQLDB.SampleUnitTestCheckProjectInBackEndwithoutTestNG" time="1.260" errors="0" timestamp="2025-02-15T10:19:43 IST" skipped="0">
  <testcase classname="DDTwithMySQLDB.SampleUnitTestCheckProjectInBackEndwithoutTestNG" name="projectCheckTest" time="1.260"/>
</testsuite> <!-- DDTwithMySQLDB.SampleUnitTestCheckProjectInBackEndwithoutTestNG -->
