<?xml version="1.0" encoding="UTF-8"?>
<!-- Generated by org.testng.reporters.JUnitReportReporter -->
<testsuite hostname="SHREENIBAS" failures="0" tests="1" name="testNG.Execution.pack2.B4Test" time="0.012" errors="0" timestamp="2025-02-27T17:15:04 IST" skipped="0">
  <testcase classname="testNG.Execution.pack2.B4Test" name="b4Test" time="0.012"/>
</testsuite> <!-- testNG.Execution.pack2.B4Test -->
