<?xml version="1.0" encoding="UTF-8"?>
<!-- Generated by org.testng.reporters.JUnitReportReporter -->
<testsuite hostname="SHREENIBAS" failures="0" tests="1" name="testNG.test.A1_TestNG_SampleTest" time="0.020" errors="0" timestamp="2025-03-06T12:26:15 IST" skipped="0">
  <testcase classname="testNG.test.A1_TestNG_SampleTest" name="Teat1" time="0.020"/>
  <system-out/>
</testsuite> <!-- testNG.test.A1_TestNG_SampleTest -->
